### ISSUE TITLE
Failed to init log on Seafile Pro with its data directory on a FUSE mount (using Docker)

### ISSUE THREAD

**Issue by Keagel** [haiwen/seafile#2578]
Hello,

I've painstakingly been trying to figure out why Seafile refuses to start when its data directory resides on a FUSE mount.

Here is the output when starting Seafile:

```
seafile  | *** Running /etc/my_init.d/01_create_data_links.sh...
seafile  | *** Booting runit daemon...
seafile  | *** Runit started as PID 26
seafile  | *** Running /scripts/enterpoint.sh...
seafile  | 2022-06-22 19:18:18 Waiting Nginx 
seafile  | 2022-06-22 19:18:19 Nginx ready 
seafile  | 2022-06-22 19:18:19 This is a idle script (infinite loop) to keep container running. 
seafile  | 
seafile  | ** Message: 19:18:19.582: seafile-controller.c(1023): loading seafdav config from /opt/seafile/conf/seafdav.conf
seafile  | 
seafile  | [2022-06-22 19:18:19] Skip running setup-seafile-mysql.py because there is existing seafile-data folder.
seafile  | Traceback (most recent call last):
seafile  |   File "/scripts/start.py", line 86, in <module>
seafile  |     main()
seafile  |   File "/scripts/start.py", line 71, in main
seafile  |     call('{} start'.format(get_script('seafile.sh')))
seafile  |   File "/scripts/utils.py", line 70, in call
seafile  |     return subprocess.check_call(*a, **kw)
seafile  |   File "/usr/lib/python3.8/subprocess.py", line 364, in check_call
seafile  |     raise CalledProcessError(retcode, cmd)
seafile  | subprocess.CalledProcessError: Command '/opt/seafile/seafile-pro-server-9.0.5/seafile.sh start' returned non-zero exit status 1.
```

As you can see, absolutely nothing indicating an error before the Python scripts exits. I checked the `controller.log` file and it was empty. I tried to figure out where it was crashing using the last normal output since the message indicates `seafile-controller` is loading the seafdav config. Since the pro version's source code isn't public, I had to disassemble the code and use `gdb`. I managed to figure out that the problem occurs in a method that seems to be exclusive to the Pro version (or at least different from the normal version), where a bunch of stuff is done with python packages. The offending line is this one:
```c
    if (sub_6950(g_build_filename(*(*qword_20e200 + 0x20), "controller.log", 0x0), stack[24], stack[32], 0x0) < 0x0) goto loc_505a;
```

Where `loc_505a` is:

```
loc_505a:
    g_log(0x0, 0x10, "%s(%d): Failed to init log.\n", "seafile-controller.c", 0x4ac);
    goto loc_499a;
```

Checking the permissions of the `controller.log` file, I found that they were set to 644, and of course owned by root:

```
root@0552047aa236:/opt/seafile# ls -lah /opt/seafile/logs/
total 0
drwxr-xr-x 1 root root 4.0K Jun 22 20:55 .
drwxr-xr-x 1 root root 4.0K Jun 22 13:32 ..
-rw-r--r-- 1 root root    0 Jun 22 20:55 controller.log
```

There doesn't seem to be anything wrong with those permissions, but just in case I checked. That file can be written to just fine within the container. I thought maybe there was another `controller.log` file I had missed and I wasn't checking the right one, so I kept digging with `gdb`.

The `sub_6950` method contains an `fopen` line:

```c
int sub_6950(int arg0, int arg1, int arg2, int arg3) {
    stack[-8] = r12;
    stack[-16] = rbp;
    rsp = rsp - 0x18;
    stack[-24] = rbx;
    rbp = arg0;
    g_log_set_handler(0x0, 0xffffffffffffffff, sub_67b0, 0x0);
    g_log_set_handler("Ccnet", 0xffffffffffffffff, sub_6680, 0x0);
    *(int32_t *)dword_20e16c = sub_68e0(arg1, 0x40);
    *(int32_t *)dword_20e168 = sub_68e0(arg2, 0x80);
    rbx = sign_extend_64((COND_BYTE_SET(G)) - 0x0 + CARRY(RFLAGS(cf)));
    if (rbx != 0x0) {
            rax = sub_8460(rbp);
            *qword_20e160 = rax;
            rax = fopen(rax, 0xae57);
            *qword_20e158 = rax;
            if (rax != 0x0) {
                    rbx = 0x0;
            }
            else {
                    rbx = 0xffffffffffffffff;
                    g_log(0x0, 0x20, "%s(%d): Failed to open file %s\n", "../common/log.c", 0x95, *qword_20e160);
            }
            rax = rbx;
    }
    else {
            *qword_20e158 = *stdout;
            *qword_20e160 = g_strdup(rbp);
            rax = rbx;
    }
    return rax;
}
```

I set a breakpoint on the instruction moving the arguments of `fopen` to their registries:

```
root@0552047aa236:/opt/seafile# LD_LIBRARY_PATH=/opt/seafile/seafile-pro-server-9.0.5/seafile/lib/:/opt/seafile/seafile-pro-server-9.0.5/seafile/lib64: gdb --args /opt/seafile/seafile-pro-server-9.0.5/seafile/bin/seafile-controller -t -c /opt/seafile/ccnet -d /opt/seafile/seafile-data -F /opt/seafile/conf
Reading symbols from /opt/seafile/seafile-pro-server-9.0.5/seafile/bin/seafile-controller...
(No debugging symbols found in /opt/seafile/seafile-pro-server-9.0.5/seafile/bin/seafile-controller)
(gdb) b *0x000055555555a9df
Breakpoint 1 at 0x55555555a9df
(gdb) r
Starting program: /opt/seafile/seafile-pro-server-9.0.5/seafile/bin/seafile-controller -t -c /opt/seafile/ccnet -d /opt/seafile/seafile-data -F /opt/seafile/conf
[Thread debugging using libthread_db enabled]
Using host libthread_db library "/lib/x86_64-linux-gnu/libthread_db.so.1".
** Message: 20:17:58.396: seafile-controller.c(1023): loading seafdav config from /opt/seafile/conf/seafdav.conf


Breakpoint 1, 0x000055555555a9df in ?? ()
(gdb) display/i $pc
1: x/i $pc
=> 0x55555555a9df:      mov    %rax,%rdi
(gdb) x/s $rax
0x55555576b8f0: "/opt/seafile/logs/controller.log"
(gdb) x/s $rsi
0x55555555ee57: "a+"
```

As you can see the path passed to `fopen` is correct, as is the mode. Just in case I did `chmod` the `controller.log` file to 666, but that didn't fix anything.

```
root@0552047aa236:/opt/seafile# ls -lah /opt/seafile/logs/
total 0
drwxr-xr-x 1 root root 4.0K Jun 22 20:55 .
drwxr-xr-x 1 root root 4.0K Jun 22 13:32 ..
-rw-rw-rw- 1 root root    0 Jun 22 20:55 controller.log
```

When I continued stepping through the instructions, I saw that it reached the "Failed to open file" line. After that the executable stops with exit code 1. I assume `g_log` is supposed to write to `stdout` as it did for the "opening seafdav" message, and yet neither of the two errors appear. I have reproduced the issue on two different machines: a Synology NAS and a standard Linux server. On both machines, running Seafile with its data directory in a normal folder works fine.

I am now stuck as there is nowhere further for me to go. The script is running as root by default in the container, and the file is owned by root. The file can be opened and modified just fine. Something is preventing `fopen` from opening that file but I'm not sure what. If I remove the `controller.log` file and re-execute the `seafile-controller` executable, the file gets created - but still can't be written to by the executable. Might be the symlinks you have in place, but when I remove the symlink on `/opt/seafile/logs` and create the directory myself, another error pops up:

```
failed to run "seaf-server -t": Failed to execute child process “seaf-server” (No such file or directory)
```

Any insight would be appreciated.

**Comment by killing** [comment]
Sorry but we don't plan to support FUSE mount for data directory.
